{"contracts\\PetAdoption.sol":{"l":{"15":3,"16":3,"20":2,"24":1,"28":5,"29":4,"34":3,"35":3,"36":3,"40":1,"44":1,"48":1},"path":"C:\\Users\\riade\\OneDrive\\Документы\\adopt-pet\\blockchain\\contracts\\PetAdoption.sol","s":{"1":2,"2":5,"3":4,"4":3,"5":3,"6":1,"7":1,"8":1},"b":{"1":[1,1],"2":[4,1],"3":[3,1]},"f":{"1":3,"2":2,"3":5,"4":1,"5":1,"6":1},"fnMap":{"1":{"name":"constructor","line":14,"loc":{"start":{"line":14,"column":4},"end":{"line":17,"column":4}}},"2":{"name":"addPet","line":19,"loc":{"start":{"line":19,"column":4},"end":{"line":25,"column":4}}},"3":{"name":"adoptPet","line":27,"loc":{"start":{"line":27,"column":4},"end":{"line":37,"column":4}}},"4":{"name":"getOwner","line":39,"loc":{"start":{"line":39,"column":4},"end":{"line":41,"column":4}}},"5":{"name":"getAllAdoptedPetsByOwner","line":43,"loc":{"start":{"line":43,"column":4},"end":{"line":45,"column":4}}},"6":{"name":"getAllAdoptedPets","line":47,"loc":{"start":{"line":47,"column":4},"end":{"line":49,"column":4}}}},"statementMap":{"1":{"start":{"line":20,"column":8},"end":{"line":20,"column":575}},"2":{"start":{"line":28,"column":8},"end":{"line":28,"column":67}},"3":{"start":{"line":29,"column":8},"end":{"line":29,"column":837}},"4":{"start":{"line":35,"column":8},"end":{"line":35,"column":55}},"5":{"start":{"line":36,"column":8},"end":{"line":36,"column":36}},"6":{"start":{"line":40,"column":8},"end":{"line":40,"column":20}},"7":{"start":{"line":44,"column":8},"end":{"line":44,"column":48}},"8":{"start":{"line":48,"column":8},"end":{"line":48,"column":29}}},"branchMap":{"1":{"line":20,"type":"if","locations":[{"start":{"line":20,"column":8},"end":{"line":20,"column":8}},{"start":{"line":20,"column":8},"end":{"line":20,"column":8}}]},"2":{"line":28,"type":"if","locations":[{"start":{"line":28,"column":8},"end":{"line":28,"column":8}},{"start":{"line":28,"column":8},"end":{"line":28,"column":8}}]},"3":{"line":29,"type":"if","locations":[{"start":{"line":29,"column":8},"end":{"line":29,"column":8}},{"start":{"line":29,"column":8},"end":{"line":29,"column":8}}]}}}}