{"contracts\\PetAdoption.sol":{"l":{"24":3,"25":3,"29":2,"33":1,"37":5,"38":4,"43":3,"44":3,"45":3,"49":1,"53":1,"57":1,"61":2,"62":2,"66":2},"path":"C:\\Users\\riade\\OneDrive\\Документы\\adopt-pet\\blockchain\\contracts\\PetAdoption.sol","s":{"1":2,"2":5,"3":4,"4":3,"5":3,"6":1,"7":1,"8":1,"9":2,"10":2,"11":2},"b":{"1":[1,1],"2":[4,1],"3":[3,1]},"f":{"1":3,"2":2,"3":5,"4":1,"5":1,"6":1,"7":2,"8":2},"fnMap":{"1":{"name":"constructor","line":23,"loc":{"start":{"line":23,"column":4},"end":{"line":26,"column":4}}},"2":{"name":"addPet","line":28,"loc":{"start":{"line":28,"column":4},"end":{"line":34,"column":4}}},"3":{"name":"adoptPet","line":36,"loc":{"start":{"line":36,"column":4},"end":{"line":46,"column":4}}},"4":{"name":"getOwner","line":48,"loc":{"start":{"line":48,"column":4},"end":{"line":50,"column":4}}},"5":{"name":"getAllAdoptedPetsByOwner","line":52,"loc":{"start":{"line":52,"column":4},"end":{"line":54,"column":4}}},"6":{"name":"getAllAdoptedPets","line":56,"loc":{"start":{"line":56,"column":4},"end":{"line":58,"column":4}}},"7":{"name":"addToCart","line":60,"loc":{"start":{"line":60,"column":4},"end":{"line":63,"column":4}}},"8":{"name":"getCartItems","line":65,"loc":{"start":{"line":65,"column":4},"end":{"line":67,"column":4}}}},"statementMap":{"1":{"start":{"line":29,"column":8},"end":{"line":29,"column":751}},"2":{"start":{"line":37,"column":8},"end":{"line":37,"column":67}},"3":{"start":{"line":38,"column":8},"end":{"line":38,"column":1013}},"4":{"start":{"line":44,"column":8},"end":{"line":44,"column":55}},"5":{"start":{"line":45,"column":8},"end":{"line":45,"column":36}},"6":{"start":{"line":49,"column":8},"end":{"line":49,"column":20}},"7":{"start":{"line":53,"column":8},"end":{"line":53,"column":48}},"8":{"start":{"line":57,"column":8},"end":{"line":57,"column":29}},"9":{"start":{"line":61,"column":8},"end":{"line":61,"column":78}},"10":{"start":{"line":62,"column":8},"end":{"line":62,"column":36}},"11":{"start":{"line":66,"column":8},"end":{"line":66,"column":31}}},"branchMap":{"1":{"line":29,"type":"if","locations":[{"start":{"line":29,"column":8},"end":{"line":29,"column":8}},{"start":{"line":29,"column":8},"end":{"line":29,"column":8}}]},"2":{"line":37,"type":"if","locations":[{"start":{"line":37,"column":8},"end":{"line":37,"column":8}},{"start":{"line":37,"column":8},"end":{"line":37,"column":8}}]},"3":{"line":38,"type":"if","locations":[{"start":{"line":38,"column":8},"end":{"line":38,"column":8}},{"start":{"line":38,"column":8},"end":{"line":38,"column":8}}]}}}}
